
Cleaning!
mkdir -p ./bin
rm -rf  ./bin/atm_ima_ufe.o ./bin/atm_ima_ufe

mipsisa32r2-timesys-linux-uclibc-gcc
Compiling the test!
mipsisa32r2-timesys-linux-uclibc-gcc -c -O2 -Werror -pedantic  -std=c99  -G 0 -mips2 -msoft-float -mno-memcpy -fomit-frame-pointer -pipe -Wall -Wstrict-prototypes -D__NO_STRING_INLINES -Dlinux -DDBG_TRACE -DDBG_TRACE_MSG=app_printf -DUSE_LINUX_SEMAPHORE=0 -DWT_LOG_PRINTF -DWT_DEBUG_LEVEL=1 -DWEB -DWDDI_TEST=atm_ima_ufe.c -DWP_HW_WINPATH3 -DWP_BOARD_WDS3 -DWP_HW_WINPATH3   -D__WT_UFE4__ -DWUFE_UFE4 -D__WT_UFE412__ -DWUFE_UFE4 -DWT_UFE_FRAMER -I. -I../../../wddi/sources/api -I../../../wddi/sources/veneer -I../../../wddi/board/wds_winpath3 -I../../../wddi/sources/winutil/include/ -I../../../wddi/board/wds_winpath3/.. -I../../../wddi/phy -I../../../wddi/sources -I../../../wddi/sources/include -I../../../platform/mips_linux_winpath3/include -I../../../include -I../../../platform/include -I../../../wddi/tests/common -I../../../wddi/sources/api -I../../../wddi/phy  -I../../../wddi/phy/wpx_ufe/api -I../../../wddi/phy/wpx_ufe/fpga/ufe4 -I../../../wddi/phy/wpx_ufe/wpx_frmr/flexmux -I../../../wddi/phy/wpx_ufe/wpx_frmr -I../../../wddi/phy/wpx_ufe/wpx_frmr/device_driver -I../../../wddi/phy/wpx_ufe/wpx_frmr/device_driver/common/inc -I../../../wddi/phy/wpx_ufe/wpx_frmr/device_driver/library/00_api_layer/inc -I../../../wddi/phy/wpx_ufe/wpx_frmr/device_driver/library/04_low_level_comms_layer/inc -o ./bin/atm_ima_ufe.o ./atm_ima_ufe.c
cc1: warnings being treated as errors
In file included from ./atm_ima_ufe.c:92:
./wti_flexmux_util.c: In function 'WTI_FlexmuxInit':
./wti_flexmux_util.c:374: error: implicit declaration of function 'WPX_FRMR_RegisterFramerLockCallback'
In file included from ./atm_ima_ufe.c:92:
./wti_flexmux_util.c: In function 'WTI_FlexmuxConnectionCreate':
./wti_flexmux_util.c:1884: error: 'WPX_UFE_FRAMER_CLIENT_FRAMING_E3_G751' undeclared (first use in this function)
./wti_flexmux_util.c:1884: error: (Each undeclared identifier is reported only once
./wti_flexmux_util.c:1884: error: for each function it appears in.)
./wti_flexmux_util.c:1902: error: 'WPX_UFE_FRAMER_CLIENT_FRAMING_E3_G751_ATM' undeclared (first use in this function)
./wti_flexmux_util.c:1939: error: 'WPX_UFE_FRAMER_CLIENT_FRAMING_DS3_M23' undeclared (first use in this function)
./wti_flexmux_util.c:1957: error: 'WPX_UFE_FRAMER_CLIENT_FRAMING_DS3_CPARITY' undeclared (first use in this function)
./wti_flexmux_util.c:2115: error: implicit declaration of function 'WPX_FRMR_SONET_SDH_HO_PATH_SS_BITS_Set_Tx'
./wti_flexmux_util.c: In function 'WT_BulkFlexmuxSDH_HO_FacitilyCreate':
./wti_flexmux_util.c:3129: error: implicit declaration of function 'WPX_FRMR_SONET_SDH_HO_PATH_SetRdiMode'
./wti_flexmux_util.c: In function 'WTI_Flexmux_Squelch_RecClkSet':
./wti_flexmux_util.c:3594: error: implicit declaration of function 'WPX_FRMR_DEV_Squelch_RecClkSet'
In file included from ./wti_ufe_utility.c:28,
                 from ./atm_ima_ufe.c:94:
./wti_flexmux_alarms_and_pm.c: In function 'CLI_F_PdhFEACTowardsLine':
./wti_flexmux_alarms_and_pm.c:2047: error: implicit declaration of function 'WPX_FRMR_SOCKET_PDH_E3T3_SetFEAC'
./wti_flexmux_alarms_and_pm.c: In function 'CLI_F_PdhRdiTowardsLine':
./wti_flexmux_alarms_and_pm.c:2072: error: implicit declaration of function 'WPX_FRMR_SOCKET_PDH_RDI_EnableTowardsLine'
./wti_flexmux_alarms_and_pm.c:2084: error: implicit declaration of function 'WPX_FRMR_SOCKET_PDH_RDI_DisableTowardsLine'
In file included from ./atm_ima_ufe.c:94:
./wti_ufe_utility.c: In function 'WT_UfeSystemCreate':
./wti_ufe_utility.c:323: error: implicit declaration of function 'WUFE_DeviceTypeSet'
./wti_ufe_utility.c:323: error: 'WUFE_DEVICE_TYPE_UFE412_T4' undeclared (first use in this function)
./wti_ufe_utility.c:356: error: too many arguments to function 'WPX_Ufe412CpldInterruptSelect'
./wti_ufe_utility.c: In function 'WT_UfeSystemRxTrafficMask':
./wti_ufe_utility.c:399: error: implicit declaration of function 'WUFE_SystemRxTrafficMask'
In file included from ./atm_ima_ufe.c:94:
./wti_ufe_utility.c: At top level:
./wti_ufe_utility.c:1639: error: expected declaration specifiers or '...' before 'WUFE_line_pdh_loopback_type'
./wti_ufe_utility.c: In function 'WT_UfeLinePdhLoopbackSetup':
./wti_ufe_utility.c:1643: error: implicit declaration of function 'WUFE_LinePdhLoopbackConfigure'
./wti_ufe_utility.c:1643: error: 'lpbk_type' undeclared (first use in this function)
./atm_ima_ufe.c: In function 'App_ufeSystem':
./atm_ima_ufe.c:626: error: too many arguments to function 'WPX_Ufe412CpldInterruptSelect'
make: *** [bin/atm_ima_ufe.o] Error 1
